<?xml version="1.0" encoding="UTF-8"?>
<testng-results skipped="0" failed="0" ignored="0" total="1" passed="1">
  <reporter-output>
  </reporter-output>
  <suite name="Command line suite" duration-ms="13" started-at="2018-02-08T16:33:01Z" finished-at="2018-02-08T16:33:01Z">
    <groups>
    </groups>
    <test name="Command line test" duration-ms="13" started-at="2018-02-08T16:33:01Z" finished-at="2018-02-08T16:33:01Z">
      <class name="Selenium_Automation_Framework.Selenium_Automation_Framework.AppTest">
        <test-method status="PASS" signature="testApp()[pri:0, instance:testApp(Selenium_Automation_Framework.Selenium_Automation_Framework.AppTest)]" name="testApp" duration-ms="1" started-at="2018-02-08T16:33:01Z" finished-at="2018-02-08T16:33:01Z">
          <reporter-output>
          </reporter-output>
        </test-method> <!-- testApp -->
      </class> <!-- Selenium_Automation_Framework.Selenium_Automation_Framework.AppTest -->
    </test> <!-- Command line test -->
  </suite> <!-- Command line suite -->
</testng-results>
